yarn add v1.22.21
warning package-lock.json found. Your project contains lock files generated by tools other than Yarn. It is advised not to mix package managers in order to avoid resolution inconsistencies caused by unsynchronized lock files. To clear this warning, remove package-lock.json.
[1/4] Resolving packages...
warning @storybook/nextjs > @storybook/builder-webpack5 > fork-ts-checker-webpack-plugin > memfs@3.6.0: this will be v4
warning @storybook/nextjs > @storybook/builder-webpack5 > webpack-dev-middleware > memfs@3.6.0: this will be v4
[2/4] Fetching packages...
warning Pattern ["string-width@^4.1.0"] is trying to unpack in the same destination "C:\\Users\\whowi\\AppData\\Local\\Yarn\\Cache\\v6\\npm-string-width-cjs-4.2.3-269c7117d27b05ad2e536830a8ec895ef9c6d010-integrity\\node_modules\\string-width-cjs" as pattern ["string-width-cjs@npm:string-width@^4.2.0"]. This could result in non-deterministic behavior, skipping.
[3/4] Linking dependencies...
warning "@storybook/nextjs > babel-loader@9.1.3" has unmet peer dependency "webpack@>=5".
warning "@storybook/nextjs > @pmmmwh/react-refresh-webpack-plugin@0.5.11" has unmet peer dependency "webpack@>=4.43.0 <6.0.0".
warning "@storybook/nextjs > node-polyfill-webpack-plugin@2.0.1" has unmet peer dependency "webpack@>=5".
warning "@storybook/nextjs > postcss-loader@7.3.4" has unmet peer dependency "webpack@^5.0.0".
warning "@storybook/nextjs > sass-loader@12.6.0" has unmet peer dependency "webpack@^5.0.0".
warning "@storybook/nextjs > style-loader@3.3.4" has unmet peer dependency "webpack@^5.0.0".
[4/4] Building fresh packages...
error C:\Desktopchik\dev\Alov\node_modules\sharp: Command failed.
Exit code: 1
Command: (node install/libvips && node install/dll-copy && prebuild-install) || (node install/can-compile && node-gyp rebuild && node install/dll-copy)
Arguments: 
Directory: C:\Desktopchik\dev\Alov\node_modules\sharp
Output:
sharp: Downloading https://github.com/lovell/sharp-libvips/releases/download/v8.14.5/libvips-8.14.5-win32-x64.tar.br
sharp: Installation error: Request timed out
sharp: Please see https://sharp.pixelplumbing.com/install for required dependencies
info Visit https://yarnpkg.com/en/docs/cli/add for documentation about this command.
